2026-07-05 13:54:25  C:\Users\WORK---PC\Documents\VFD\src\components\admin\StatCard.tsx
2026-07-05 13:54:45  C:\Users\WORK---PC\Documents\VFD\src\app\admin\(dashboard)\page.tsx
2026-07-05 13:55:20  C:\Users\WORK---PC\Documents\VFD\src\components\admin\AdminTable.tsx
2026-07-05 13:55:33  C:\Users\WORK---PC\Documents\VFD\src\components\admin\ImageUploadField.tsx
2026-07-05 13:55:44  C:\Users\WORK---PC\Documents\VFD\src\components\admin\form-styles.ts
2026-07-05 13:56:04  C:\Users\WORK---PC\Documents\VFD\src\app\admin\(dashboard)\events\actions.ts
2026-07-05 13:56:13  C:\Users\WORK---PC\Documents\VFD\src\app\admin\(dashboard)\events\page.tsx
2026-07-05 13:56:34  C:\Users\WORK---PC\Documents\VFD\src\components\admin\EventForm.tsx
2026-07-05 13:56:41  C:\Users\WORK---PC\Documents\VFD\src\app\admin\(dashboard)\events\new\page.tsx
2026-07-05 13:56:50  C:\Users\WORK---PC\Documents\VFD\src\app\admin\(dashboard)\events\[id]\page.tsx
2026-07-05 13:57:26  C:\Users\WORK---PC\Documents\VFD\src\app\admin\(dashboard)\blogs\actions.ts
2026-07-05 13:57:35  C:\Users\WORK---PC\Documents\VFD\src\app\admin\(dashboard)\blogs\page.tsx
2026-07-05 13:57:54  C:\Users\WORK---PC\Documents\VFD\src\components\admin\BlogForm.tsx
2026-07-05 13:58:02  C:\Users\WORK---PC\Documents\VFD\src\app\admin\(dashboard)\blogs\new\page.tsx
2026-07-05 13:58:11  C:\Users\WORK---PC\Documents\VFD\src\app\admin\(dashboard)\blogs\[id]\page.tsx
2026-07-05 13:58:30  C:\Users\WORK---PC\Documents\VFD\src\app\admin\(dashboard)\projects\actions.ts
2026-07-05 13:58:38  C:\Users\WORK---PC\Documents\VFD\src\app\admin\(dashboard)\projects\page.tsx
2026-07-05 13:58:54  C:\Users\WORK---PC\Documents\VFD\src\components\admin\ProjectForm.tsx
2026-07-05 13:59:01  C:\Users\WORK---PC\Documents\VFD\src\app\admin\(dashboard)\projects\new\page.tsx
2026-07-05 13:59:10  C:\Users\WORK---PC\Documents\VFD\src\app\admin\(dashboard)\projects\[id]\page.tsx
2026-07-05 13:59:29  C:\Users\WORK---PC\Documents\VFD\src\app\admin\(dashboard)\settings\actions.ts
2026-07-05 13:59:46  C:\Users\WORK---PC\Documents\VFD\src\app\admin\(dashboard)\settings\SettingsForm.tsx
2026-07-05 13:59:57  C:\Users\WORK---PC\Documents\VFD\src\app\admin\(dashboard)\settings\page.tsx
2026-07-05 14:00:20  C:\Users\WORK---PC\Documents\VFD\src\app\blogs\page.tsx
2026-07-05 14:00:47  C:\Users\WORK---PC\Documents\VFD\src\app\blogs\page.tsx
2026-07-05 14:01:04  C:\Users\WORK---PC\Documents\VFD\src\app\blogs\page.tsx
2026-07-05 14:01:12  C:\Users\WORK---PC\Documents\VFD\src\app\blogs\page.tsx
2026-07-05 14:01:39  C:\Users\WORK---PC\Documents\VFD\src\app\blogs\[slug]\page.tsx
2026-07-05 14:01:48  C:\Users\WORK---PC\Documents\VFD\src\app\blogs\[slug]\page.tsx
2026-07-05 14:02:01  C:\Users\WORK---PC\Documents\VFD\src\app\blogs\[slug]\page.tsx
2026-07-05 14:02:17  C:\Users\WORK---PC\Documents\VFD\src\app\events\page.tsx
2026-07-05 14:02:47  C:\Users\WORK---PC\Documents\VFD\src\app\events\page.tsx
2026-07-05 14:03:08  C:\Users\WORK---PC\Documents\VFD\src\app\projects\page.tsx
2026-07-05 14:03:24  C:\Users\WORK---PC\Documents\VFD\src\app\projects\page.tsx
